#
# A fatal error has been detected by the Java Runtime Environment:
#
#  EXCEPTION_ACCESS_VIOLATION (0xc0000005) at pc=0x000000006b5194d5, pid=18284, tid=0x0000000000001a94
#
# JRE version: Java(TM) SE Runtime Environment (8.0_301-b09) (build 1.8.0_301-b09)
# Java VM: Java HotSpot(TM) 64-Bit Server VM (25.301-b09 mixed mode windows-amd64 compressed oops)
# Problematic frame:
# V  [jvm.dll+0x794d5]
#
# Failed to write core dump. Minidumps are not enabled by default on client versions of Windows
#
# If you would like to submit a bug report, please visit:
#   http://bugreport.java.com/bugreport/crash.jsp
#

---------------  T H R E A D  ---------------

Current thread (0x000001a07d955800):  VMThread [stack: 0x00000029be400000,0x00000029be500000] [id=6804]

siginfo: ExceptionCode=0xc0000005, reading address 0xffffffffffffffff

Registers:
RAX=0xca0000006ba66cc0, RBX=0x000001a067f05000, RCX=0x000001a07d460298, RDX=0x000000006b519401
RSP=0x00000029be4fef48, RBP=0x000000006b5194d0, RSI=0x0000000000000000, RDI=0x0000000000000000
R8 =0x000001a0697c5720, R9 =0x000001a0697c08f0, R10=0x00000029be5fee90, R11=0x00000029be4ff5a8
R12=0x0000000000000000, R13=0x000001a07d8d64b0, R14=0x000001a07d8d6888, R15=0x00000000000003d8
RIP=0x000000006b5194d5, EFLAGS=0x0000000000010246

Top of Stack: (sp=0x00000029be4fef48)
0x00000029be4fef48:   000000006b6dba6e 000000006b5194d0
0x00000029be4fef58:   000001a07d8d6888 000000006b5194d0
0x00000029be4fef68:   000001a0697c08f0 00000029be5feea0
0x00000029be4fef78:   000001a0697c08f0 000001a0697c0790
0x00000029be4fef88:   0000002900000000 00000029be5fef80
0x00000029be4fef98:   00000029be5feea0 00000029be5feea0
0x00000029be4fefa8:   000001a0697c08f0 000001a0697c0790
0x00000029be4fefb8:   0000002900000000 00000029be5fef80
0x00000029be4fefc8:   00000029be5feea0 000001a07e590000
0x00000029be4fefd8:   00007ffee1a600bf 0000000000000000
0x00000029be4fefe8:   000001a067ef9df0 000001a07d955800
0x00000029be4feff8:   000001a07e524f50 0000000000000000
0x00000029be4ff008:   00007ffee1a239aa 00000029bdbff380
0x00000029be4ff018:   00000029bdbff380 00000029be5fee90
0x00000029be4ff028:   00000029be5fee90 0000000000000000
0x00000029be4ff038:   00007ffee1a239aa 00000029be000000 

Instructions: (pc=0x000000006b5194d5)
0x000000006b5194b5:   74 00 48 8b 6c 24 38 48 83 c4 20 5f c3 cc cc cc
0x000000006b5194c5:   cc cc cc cc cc cc cc cc cc cc cc 48 8b 01 b2 01
0x000000006b5194d5:   48 ff 60 48 cc cc cc cc cc cc cc 48 8d 15 e9 ff
0x000000006b5194e5:   ff ff e9 a4 8e 02 00 cc cc cc cc 48 89 5c 24 10 


Register to memory mapping:

RAX=0xca0000006ba66cc0 is an unknown value
RBX=0x000001a067f05000 is a thread
RCX=0x000001a07d460298 is pointing into metadata
RDX=0x000000006b519401 is an unknown value
RSP=0x00000029be4fef48 is an unknown value
RBP=0x000000006b5194d0 is an unknown value
RSI=0x0000000000000000 is an unknown value
RDI=0x0000000000000000 is an unknown value
R8 =0x000001a0697c5720 is pointing into interpreter code (not bytecode specific)
R9 =0x000001a0697c08f0 is at begin+185 in a stub
StubRoutines::call_stub [0x000001a0697c0837, 0x000001a0697c09a1[ (362 bytes)
R10=0x00000029be5fee90 is pointing into the stack for thread: 0x000001a07d95a000
R11=0x00000029be4ff5a8 is an unknown value
R12=0x0000000000000000 is an unknown value
R13=0x000001a07d8d64b0 is an unknown value
R14=0x000001a07d8d6888 is an unknown value
R15=0x00000000000003d8 is an unknown value


Stack: [0x00000029be400000,0x00000029be500000],  sp=0x00000029be4fef48,  free space=1019k
Native frames: (J=compiled Java code, j=interpreted, Vv=VM code, C=native code)
V  [jvm.dll+0x794d5]

VM_Operation (0x00000029be9ff940): RedefineClasses, mode: safepoint, requested by thread 0x000001a07e590000


---------------  P R O C E S S  ---------------

Java Threads: ( => current thread )
  0x000001a07e5fe800 JavaThread "Service Thread" daemon [_thread_blocked, id=13736, stack(0x00000029bf000000,0x00000029bf100000)]
  0x000001a07e5da800 JavaThread "C1 CompilerThread3" daemon [_thread_blocked, id=6664, stack(0x00000029bef00000,0x00000029bf000000)]
  0x000001a07e5ba000 JavaThread "C2 CompilerThread2" daemon [_thread_blocked, id=19156, stack(0x00000029bee00000,0x00000029bef00000)]
  0x000001a07e5b9800 JavaThread "C2 CompilerThread1" daemon [_thread_blocked, id=18324, stack(0x00000029bed00000,0x00000029bee00000)]
  0x000001a07e5b2000 JavaThread "C2 CompilerThread0" daemon [_thread_blocked, id=19048, stack(0x00000029bec00000,0x00000029bed00000)]
  0x000001a07e59a000 JavaThread "JDWP Command Reader" daemon [_thread_in_native, id=18616, stack(0x00000029beb00000,0x00000029bec00000)]
  0x000001a07e596800 JavaThread "JDWP Event Helper Thread" daemon [_thread_blocked, id=21052, stack(0x00000029bea00000,0x00000029beb00000)]
  0x000001a07e590000 JavaThread "JDWP Transport Listener: dt_socket" daemon [_thread_blocked, id=18508, stack(0x00000029be900000,0x00000029bea00000)]
  0x000001a07e56b800 JavaThread "Attach Listener" daemon [_thread_blocked, id=20336, stack(0x00000029be800000,0x00000029be900000)]
  0x000001a07e567800 JavaThread "Signal Dispatcher" daemon [_thread_blocked, id=2128, stack(0x00000029be700000,0x00000029be800000)]
  0x000001a07e54f800 JavaThread "Finalizer" daemon [_thread_blocked, id=21932, stack(0x00000029be600000,0x00000029be700000)]
  0x000001a07d95a000 JavaThread "Reference Handler" daemon [_thread_blocked, id=20656, stack(0x00000029be500000,0x00000029be600000)]
  0x000001a067f05000 JavaThread "main" [_thread_blocked, id=19464, stack(0x00000029bdb00000,0x00000029bdc00000)]

Other Threads:
=>0x000001a07d955800 VMThread [stack: 0x00000029be400000,0x00000029be500000] [id=6804]
  0x000001a000049000 WatcherThread [stack: 0x00000029bf100000,0x00000029bf200000] [id=9720]

VM state:at safepoint (normal execution)

VM Mutex/Monitor currently owned by a thread:  ([mutex/lock_event])
[0x000001a067f00de0] Threads_lock - owner thread: 0x000001a07d955800

heap address: 0x000000008a600000, size: 1882 MB, Compressed Oops mode: 32-bit
Narrow klass base: 0x0000000000000000, Narrow klass shift: 3
Compressed class space size: 1073741824 Address: 0x0000000100000000

Heap:
 PSYoungGen      total 35328K, used 1843K [0x00000000d8d00000, 0x00000000db400000, 0x0000000100000000)
  eden space 30720K, 6% used [0x00000000d8d00000,0x00000000d8eccd08,0x00000000dab00000)
  from space 4608K, 0% used [0x00000000daf80000,0x00000000daf80000,0x00000000db400000)
  to   space 4608K, 0% used [0x00000000dab00000,0x00000000dab00000,0x00000000daf80000)
 ParOldGen       total 80896K, used 0K [0x000000008a600000, 0x000000008f500000, 0x00000000d8d00000)
  object space 80896K, 0% used [0x000000008a600000,0x000000008a600000,0x000000008f500000)
 Metaspace       used 2535K, capacity 4564K, committed 4864K, reserved 1056768K
  class space    used 277K, capacity 388K, committed 512K, reserved 1048576K

Card table byte_map: [0x000001a078b80000,0x000001a078f30000] byte_map_base: 0x000001a07872d000

Marking Bits: (ParMarkBitMap*) 0x000000006bc87fe0
 Begin Bits: [0x000001a0791b0000, 0x000001a07af18000)
 End Bits:   [0x000001a07af18000, 0x000001a07cc80000)

Polling page: 0x000001a068160000

CodeCache: size=245760Kb used=1110Kb max_used=1117Kb free=244649Kb
 bounds [0x000001a0697c0000, 0x000001a069a30000, 0x000001a0787c0000]
 total_blobs=246 nmethods=23 adapters=146
 compilation: enabled

Compilation events (10 events):
Event: 0.192 Thread 0x000001a07e5da800   19       3       java.lang.AbstractStringBuilder::append (50 bytes)
Event: 0.192 Thread 0x000001a07e5da800 nmethod 19 0x000001a0698d28d0 code [0x000001a0698d2aa0, 0x000001a0698d3200]
Event: 0.192 Thread 0x000001a07e5da800   20       3       java.lang.System::getSecurityManager (4 bytes)
Event: 0.192 Thread 0x000001a07e5da800 nmethod 20 0x000001a0698d3550 code [0x000001a0698d36a0, 0x000001a0698d37d8]
Event: 0.194 Thread 0x000001a07e5da800   21       3       java.lang.StringBuilder::append (8 bytes)
Event: 0.195 Thread 0x000001a07e5da800 nmethod 21 0x000001a0698d4050 code [0x000001a0698d41c0, 0x000001a0698d4370]
Event: 0.196 Thread 0x000001a07e5ba000   22       4       java.lang.String::charAt (29 bytes)
Event: 0.196 Thread 0x000001a07e5da800   23       3       java.util.Arrays::copyOfRange (63 bytes)
Event: 0.197 Thread 0x000001a07e5ba000 nmethod 22 0x000001a0698d7110 code [0x000001a0698d7260, 0x000001a0698d7358]
Event: 0.197 Thread 0x000001a07e5da800 nmethod 23 0x000001a0698d5dd0 code [0x000001a0698d5fe0, 0x000001a0698d6b60]

GC Heap History (0 events):
No events

Deoptimization events (0 events):
No events

Classes redefined (3 events):
Event: 30.910 Thread 0x000001a07d955800 redefined class name=JdbcDemo2, count=1
Event: 45.589 Thread 0x000001a07d955800 redefined class name=JdbcDemo2, count=2
Event: 72.975 Thread 0x000001a07d955800 redefined class name=JdbcDemo2, count=3

Internal exceptions (2 events):
Event: 0.041 Thread 0x000001a067f05000 Exception <a 'java/lang/NoSuchMethodError': Method sun.misc.Unsafe.defineClass(Ljava/lang/String;[BII)Ljava/lang/Class; name or signature does not match> (0x00000000d8d07cc0) thrown at [C:\jenkins\workspace\8-2-build-windows-amd64-cygwin\jdk8u301\1513\hot
Event: 0.041 Thread 0x000001a067f05000 Exception <a 'java/lang/NoSuchMethodError': Method sun.misc.Unsafe.prefetchRead(Ljava/lang/Object;J)V name or signature does not match> (0x00000000d8d07fa8) thrown at [C:\jenkins\workspace\8-2-build-windows-amd64-cygwin\jdk8u301\1513\hotspot\src\share\vm\

Events (10 events):
Event: 88.744 Executing VM operation: GetOwnedMonitorInfo done
Event: 88.752 Executing VM operation: GetCurrentContendedMonitor
Event: 88.752 Executing VM operation: GetCurrentContendedMonitor done
Event: 88.752 Executing VM operation: GetOwnedMonitorInfo
Event: 88.752 Executing VM operation: GetOwnedMonitorInfo done
Event: 90.839 Executing VM operation: GetCurrentContendedMonitor
Event: 90.839 Executing VM operation: GetCurrentContendedMonitor done
Event: 90.839 Executing VM operation: GetOwnedMonitorInfo
Event: 90.839 Executing VM operation: GetOwnedMonitorInfo done
Event: 110.119 Executing VM operation: RedefineClasses


Dynamic libraries:
0x00007ff7647d0000 - 0x00007ff764817000 	C:\Program Files\Java\jre1.8.0_301\bin\javaw.exe
0x00007ffee41c0000 - 0x00007ffee43c7000 	C:\WINDOWS\SYSTEM32\ntdll.dll
0x00007ffee3c60000 - 0x00007ffee3d1d000 	C:\WINDOWS\System32\KERNEL32.DLL
0x00007ffee1bb0000 - 0x00007ffee1f24000 	C:\WINDOWS\System32\KERNELBASE.dll
0x00007ffee3d20000 - 0x00007ffee3dcc000 	C:\WINDOWS\System32\ADVAPI32.dll
0x00007ffee3580000 - 0x00007ffee3623000 	C:\WINDOWS\System32\msvcrt.dll
0x00007ffee2f00000 - 0x00007ffee2f9d000 	C:\WINDOWS\System32\sechost.dll
0x00007ffee2910000 - 0x00007ffee2a31000 	C:\WINDOWS\System32\RPCRT4.dll
0x00007ffee2a40000 - 0x00007ffee2bec000 	C:\WINDOWS\System32\USER32.dll
0x00007ffee19e0000 - 0x00007ffee1a06000 	C:\WINDOWS\System32\win32u.dll
0x00007ffee2c90000 - 0x00007ffee2cb9000 	C:\WINDOWS\System32\GDI32.dll
0x00007ffee1f30000 - 0x00007ffee2042000 	C:\WINDOWS\System32\gdi32full.dll
0x00007ffee16a0000 - 0x00007ffee173d000 	C:\WINDOWS\System32\msvcp_win.dll
0x00007ffee1a10000 - 0x00007ffee1b21000 	C:\WINDOWS\System32\ucrtbase.dll
0x00007ffee0870000 - 0x00007ffee0b15000 	C:\WINDOWS\WinSxS\amd64_microsoft.windows.common-controls_6595b64144ccf1df_6.0.22000.120_none_9d947278b86cc467\COMCTL32.dll
0x00007ffee3090000 - 0x00007ffee30c1000 	C:\WINDOWS\System32\IMM32.DLL
0x00007ffeda6f0000 - 0x00007ffeda705000 	C:\Program Files\Java\jre1.8.0_301\bin\vcruntime140.dll
0x00007ffecd8f0000 - 0x00007ffecd98b000 	C:\Program Files\Java\jre1.8.0_301\bin\msvcp140.dll
0x000000006b4a0000 - 0x000000006bd00000 	C:\Program Files\Java\jre1.8.0_301\bin\server\jvm.dll
0x00007ffee2bf0000 - 0x00007ffee2bf8000 	C:\WINDOWS\System32\PSAPI.DLL
0x00007ffeda100000 - 0x00007ffeda133000 	C:\WINDOWS\SYSTEM32\WINMM.dll
0x00007ffedf6a0000 - 0x00007ffedf6aa000 	C:\WINDOWS\SYSTEM32\VERSION.dll
0x00007ffeda650000 - 0x00007ffeda659000 	C:\WINDOWS\SYSTEM32\WSOCK32.dll
0x00007ffee2c20000 - 0x00007ffee2c8f000 	C:\WINDOWS\System32\WS2_32.dll
0x00007ffee0570000 - 0x00007ffee0588000 	C:\WINDOWS\SYSTEM32\kernel.appcore.dll
0x00007ffecdb90000 - 0x00007ffecdba0000 	C:\Program Files\Java\jre1.8.0_301\bin\verify.dll
0x00007ffecbb50000 - 0x00007ffecbb7b000 	C:\Program Files\Java\jre1.8.0_301\bin\java.dll
0x00007ffece240000 - 0x00007ffece276000 	C:\Program Files\Java\jre1.8.0_301\bin\jdwp.dll
0x00007ffedd280000 - 0x00007ffedd289000 	C:\Program Files\Java\jre1.8.0_301\bin\npt.dll
0x00007ffecd170000 - 0x00007ffecd188000 	C:\Program Files\Java\jre1.8.0_301\bin\zip.dll
0x00007ffee2100000 - 0x00007ffee28ae000 	C:\WINDOWS\System32\SHELL32.dll
0x00007ffede8e0000 - 0x00007ffedf147000 	C:\WINDOWS\SYSTEM32\windows.storage.dll
0x00007ffee3de0000 - 0x00007ffee4158000 	C:\WINDOWS\System32\combase.dll
0x00007ffede770000 - 0x00007ffede8d6000 	C:\WINDOWS\SYSTEM32\wintypes.dll
0x00007ffee3290000 - 0x00007ffee337a000 	C:\WINDOWS\System32\SHCORE.dll
0x00007ffee3520000 - 0x00007ffee357d000 	C:\WINDOWS\System32\shlwapi.dll
0x00007ffee15d0000 - 0x00007ffee15f1000 	C:\WINDOWS\SYSTEM32\profapi.dll
0x00007ffece230000 - 0x00007ffece23a000 	C:\Program Files\Java\jre1.8.0_301\bin\dt_socket.dll
0x00007ffeca6c0000 - 0x00007ffeca6d7000 	C:\WINDOWS\system32\napinsp.dll
0x00007ffec9b90000 - 0x00007ffec9bab000 	C:\WINDOWS\system32\pnrpnsp.dll
0x00007ffee0440000 - 0x00007ffee04a7000 	C:\WINDOWS\System32\mswsock.dll
0x00007ffedf3c0000 - 0x00007ffedf4a7000 	C:\WINDOWS\SYSTEM32\DNSAPI.dll
0x00007ffedf390000 - 0x00007ffedf3bd000 	C:\WINDOWS\SYSTEM32\IPHLPAPI.DLL
0x00007ffee3280000 - 0x00007ffee3289000 	C:\WINDOWS\System32\NSI.dll
0x00007ffec96e0000 - 0x00007ffec96f2000 	C:\WINDOWS\System32\winrnr.dll
0x00007ffebc3e0000 - 0x00007ffebc3f5000 	C:\WINDOWS\system32\wshbth.dll
0x00007ffec96c0000 - 0x00007ffec96df000 	C:\WINDOWS\system32\nlansp_c.dll
0x00007ffed5f20000 - 0x00007ffed5fa1000 	C:\WINDOWS\System32\fwpuclnt.dll
0x00007ffed5f10000 - 0x00007ffed5f1a000 	C:\Windows\System32\rasadhlp.dll
0x00007ffee0f80000 - 0x00007ffee11a1000 	C:\WINDOWS\SYSTEM32\dbghelp.dll
0x00007ffee1b30000 - 0x00007ffee1baf000 	C:\WINDOWS\System32\bcryptPrimitives.dll

VM Arguments:
jvm_args: -agentlib:jdwp=transport=dt_socket,suspend=y,address=localhost:64804 -Dfile.encoding=Cp1252 
java_command: JdbcDemo2
java_class_path (initial): D:\Java Development\Workspace\JDBCProject\bin;D:\Java Development\Software and tools\mysql-connector.jar\mysql-connector.jar
Launcher Type: SUN_STANDARD

Environment Variables:
CLASSPATH=C:\Users\HP\mysql-connector.jar;.;
PATH=C:/Program Files/Java/jre1.8.0_301/bin/server;C:/Program Files/Java/jre1.8.0_301/bin;C:/Program Files/Java/jre1.8.0_301/lib/amd64;C:\Program Files (x86)\Common Files\Oracle\Java\javapath;C:\WINDOWS\system32;C:\WINDOWS;C:\WINDOWS\System32\Wbem;C:\WINDOWS\System32\WindowsPowerShell\v1.0\;C:\WINDOWS\System32\OpenSSH\;C:\ProgramData\chocolatey\bin;C:\Program Files\nodejs\;C:\Program Files\Git\cmd;C:\Users\HP\AppData\Local\Microsoft\WindowsApps;C:\Users\HP\AppData\Local\Programs\Microsoft VS Code\bin;C:\Program Files\JetBrains\IntelliJ IDEA Community Edition 2021.2.1\bin;;C:\Users\HP\AppData\Roaming\npm;C:\Program Files\Java\jdk1.8.0_301\bin;D:\Java Development\Software and tools\eclipse;
USERNAME=HP
OS=Windows_NT
PROCESSOR_IDENTIFIER=AMD64 Family 23 Model 104 Stepping 1, AuthenticAMD



---------------  S Y S T E M  ---------------

OS: Windows 10.0 , 64 bit Build 22000 (10.0.22000.318)

CPU:total 8 (initial active 8) (8 cores per cpu, 1 threads per core) family 23 model 104 stepping 1, cmov, cx8, fxsr, mmx, sse, sse2, sse3, ssse3, sse4.1, sse4.2, popcnt, avx, avx2, aes, clmul, mmxext, 3dnowpref, lzcnt, sse4a, tsc, tscinvbit, tscinv, bmi1

Memory: 4k page, physical 7702044k(1680500k free), swap 15075124k(2056968k free)

vm_info: Java HotSpot(TM) 64-Bit Server VM (25.301-b09) for windows-amd64 JRE (1.8.0_301-b09), built on Jun  9 2021 06:46:21 by "java_re" with MS VC++ 15.9 (VS2017)

time: Fri Dec 31 02:11:41 2021
timezone: India Standard Time
elapsed time: 110.135872 seconds (0d 0h 1m 50s)

